<?xml version="1.0" encoding="UTF-8"?>
<robot generator="Robot 7.1.1 (Python 3.12.2 on win32)" generated="2025-02-26T23:02:12.481539" rpa="false" schemaversion="5">
<suite id="s1" name="UAT-Project-002" source="D:\year_3\Term2\Soft en\Project!!\git-group-repository-group-5\test\code\UAT-Project-002.robot">
<test id="s1-t1" name="Invalid Login Test" line="33">
<kw name="Open Browser To App">
<kw name="Open Browser" owner="SeleniumLibrary">
<msg time="2025-02-26T23:02:12.962243" level="INFO">Opening browser 'Chrome' to base url 'http://127.0.0.1:8000'.</msg>
<msg time="2025-02-26T23:02:20.809420" level="INFO" html="true">&lt;/td&gt;&lt;/tr&gt;&lt;tr&gt;&lt;td colspan="3"&gt;&lt;a href="selenium-screenshot-1.png"&gt;&lt;img src="selenium-screenshot-1.png" width="800px"&gt;&lt;/a&gt;</msg>
<msg time="2025-02-26T23:02:20.809420" level="FAIL">WebDriverException: Message: unknown error: net::ERR_CONNECTION_REFUSED
  (Session info: chrome=133.0.6943.142)
Stacktrace:
	GetHandleVerifier [0x00007FF7ACABC6A5+28789]
	(No symbol) [0x00007FF7ACA25B20]
	(No symbol) [0x00007FF7AC8B8F9A]
	(No symbol) [0x00007FF7AC8B5936]
	(No symbol) [0x00007FF7AC8A66D9]
	(No symbol) [0x00007FF7AC8A8448]
	(No symbol) [0x00007FF7AC8A69E6]
	(No symbol) [0x00007FF7AC8A6466]
	(No symbol) [0x00007FF7AC8A612A]
	(No symbol) [0x00007FF7AC8A3CBA]
	(No symbol) [0x00007FF7AC8A459C]
	(No symbol) [0x00007FF7AC8BCDEA]
	(No symbol) [0x00007FF7AC96069E]
	(No symbol) [0x00007FF7AC93732A]
	(No symbol) [0x00007FF7AC95F7E3]
	(No symbol) [0x00007FF7AC937103]
	(No symbol) [0x00007FF7AC8FFFC0]
	(No symbol) [0x00007FF7AC901273]
	GetHandleVerifier [0x00007FF7ACE01AED+3458237]
	GetHandleVerifier [0x00007FF7ACE1829C+3550316]
	GetHandleVerifier [0x00007FF7ACE0DB9D+3507565]
	GetHandleVerifier [0x00007FF7ACB82C6A+841274]
	(No symbol) [0x00007FF7ACA309EF]
	(No symbol) [0x00007FF7ACA2CB34]
	(No symbol) [0x00007FF7ACA2CCD6]
	(No symbol) [0x00007FF7ACA1C119]
	BaseThreadInitThunk [0x00007FFD11AAE8D7+23]
	RtlUserThreadStart [0x00007FFD12A1BF2C+44]
</msg>
<arg>${URL}</arg>
<arg>${BROWSER}</arg>
<doc>Opens a new browser instance to the optional ``url``.</doc>
<status status="FAIL" start="2025-02-26T23:02:12.962243" elapsed="7.852199">WebDriverException: Message: unknown error: net::ERR_CONNECTION_REFUSED
  (Session info: chrome=133.0.6943.142)
Stacktrace:
	GetHandleVerifier [0x00007FF7ACABC6A5+28789]
	(No symbol) [0x00007FF7ACA25B20]
	(No symbol) [0x00007FF7AC8B8F9A]
	(No symbol) [0x00007FF7AC8B5936]
	(No symbol) [0x00007FF7AC8A66D9]
	(No symbol) [0x00007FF7AC8A8448]
	(No symbol) [0x00007FF7AC8A69E6]
	(No symbol) [0x00007FF7AC8A6466]
	(No symbol) [0x00007FF7AC8A612A]
	(No symbol) [0x00007FF7AC8A3CBA]
	(No symbol) [0x00007FF7AC8A459C]
	(No symbol) [0x00007FF7AC8BCDEA]
	(No symbol) [0x00007FF7AC96069E]
	(No symbol) [0x00007FF7AC93732A]
	(No symbol) [0x00007FF7AC95F7E3]
	(No symbol) [0x00007FF7AC937103]
	(No symbol) [0x00007FF7AC8FFFC0]
	(No symbol) [0x00007FF7AC901273]
	GetHandleVerifier [0x00007FF7ACE01AED+3458237]
	GetHandleVerifier [0x00007FF7ACE1829C+3550316]
	GetHandleVerifier [0x00007FF7ACE0DB9D+3507565]
	GetHandleVerifier [0x00007FF7ACB82C6A+841274]
	(No symbol) [0x00007FF7ACA309EF]
	(No symbol) [0x00007FF7ACA2CB34]
	(No symbol) [0x00007FF7ACA2CCD6]
	(No symbol) [0x00007FF7ACA1C119]
	BaseThreadInitThunk [0x00007FFD11AAE8D7+23]
	RtlUserThreadStart [0x00007FFD12A1BF2C+44]
</status>
</kw>
<status status="FAIL" start="2025-02-26T23:02:12.960228" elapsed="7.855186">WebDriverException: Message: unknown error: net::ERR_CONNECTION_REFUSED
  (Session info: chrome=133.0.6943.142)
Stacktrace:
	GetHandleVerifier [0x00007FF7ACABC6A5+28789]
	(No symbol) [0x00007FF7ACA25B20]
	(No symbol) [0x00007FF7AC8B8F9A]
	(No symbol) [0x00007FF7AC8B5936]
	(No symbol) [0x00007FF7AC8A66D9]
	(No symbol) [0x00007FF7AC8A8448]
	(No symbol) [0x00007FF7AC8A69E6]
	(No symbol) [0x00007FF7AC8A6466]
	(No symbol) [0x00007FF7AC8A612A]
	(No symbol) [0x00007FF7AC8A3CBA]
	(No symbol) [0x00007FF7AC8A459C]
	(No symbol) [0x00007FF7AC8BCDEA]
	(No symbol) [0x00007FF7AC96069E]
	(No symbol) [0x00007FF7AC93732A]
	(No symbol) [0x00007FF7AC95F7E3]
	(No symbol) [0x00007FF7AC937103]
	(No symbol) [0x00007FF7AC8FFFC0]
	(No symbol) [0x00007FF7AC901273]
	GetHandleVerifier [0x00007FF7ACE01AED+3458237]
	GetHandleVerifier [0x00007FF7ACE1829C+3550316]
	GetHandleVerifier [0x00007FF7ACE0DB9D+3507565]
	GetHandleVerifier [0x00007FF7ACB82C6A+841274]
	(No symbol) [0x00007FF7ACA309EF]
	(No symbol) [0x00007FF7ACA2CB34]
	(No symbol) [0x00007FF7ACA2CCD6]
	(No symbol) [0x00007FF7ACA1C119]
	BaseThreadInitThunk [0x00007FFD11AAE8D7+23]
	RtlUserThreadStart [0x00007FFD12A1BF2C+44]
</status>
</kw>
<kw name="Go To Login Page">
<status status="NOT RUN" start="2025-02-26T23:02:20.815414" elapsed="0.000000"/>
</kw>
<kw name="Enter Invalid Credentials">
<status status="NOT RUN" start="2025-02-26T23:02:20.816414" elapsed="0.000000"/>
</kw>
<kw name="Verify Login Error">
<status status="NOT RUN" start="2025-02-26T23:02:20.816414" elapsed="0.000000"/>
</kw>
<kw name="Close Browser" type="TEARDOWN">
<kw name="Run Keyword If" owner="BuiltIn">
<kw name="Close All Browsers" owner="SeleniumLibrary">
<doc>Closes all open browsers and resets the browser cache.</doc>
<status status="PASS" start="2025-02-26T23:02:20.818417" elapsed="2.235124"/>
</kw>
<arg>'${BROWSER}' == 'Chrome'</arg>
<arg>Close All Browsers</arg>
<doc>Runs the given keyword with the given arguments, if ``condition`` is true.</doc>
<status status="PASS" start="2025-02-26T23:02:20.817437" elapsed="2.236104"/>
</kw>
<status status="PASS" start="2025-02-26T23:02:20.817437" elapsed="2.236104"/>
</kw>
<status status="FAIL" start="2025-02-26T23:02:12.959255" elapsed="10.094286">WebDriverException: Message: unknown error: net::ERR_CONNECTION_REFUSED
  (Session info: chrome=133.0.6943.142)
Stacktrace:
	GetHandleVerifier [0x00007FF7ACABC6A5+28789]
	(No symbol) [0x00007FF7ACA25B20]
	(No symbol) [0x00007FF7AC8B8F9A]
	(No symbol) [0x00007FF7AC8B5936]
	(No symbol) [0x00007FF7AC8A66D9]
	(No symbol) [0x00007FF7AC8A8448]
	(No symbol) [0x00007FF7AC8A69E6]
	(No symbol) [0x00007FF7AC8A6466]
	(No symbol) [0x00007FF7AC8A612A]
	(No symbol) [0x00007FF7AC8A3CBA]
	(No symbol) [0x00007FF7AC8A459C]
	(No symbol) [0x00007FF7AC8BCDEA]
	(No symbol) [0x00007FF7AC96069E]
	(No symbol) [0x00007FF7AC93732A]
	(No symbol) [0x00007FF7AC95F7E3]
	(No symbol) [0x00007FF7AC937103]
	(No symbol) [0x00007FF7AC8FFFC0]
	(No symbol) [0x00007FF7AC901273]
	GetHandleVerifier [0x00007FF7ACE01AED+3458237]
	GetHandleVerifier [0x00007FF7ACE1829C+3550316]
	GetHandleVerifier [0x00007FF7ACE0DB9D+3507565]
	GetHandleVerifier [0x00007FF7ACB82C6A+841274]
	(No symbol) [0x00007FF7ACA309EF]
	(No symbol) [0x00007FF7ACA2CB34]
	(No symbol) [0x00007FF7ACA2CCD6]
	(No symbol) [0x00007FF7ACA1C119]
	BaseThreadInitThunk [0x00007FFD11AAE8D7+23]
	RtlUserThreadStart [0x00007FFD12A1BF2C+44]
</status>
</test>
<status status="FAIL" start="2025-02-26T23:02:12.483082" elapsed="10.594636"/>
</suite>
<statistics>
<total>
<stat pass="0" fail="1" skip="0">All Tests</stat>
</total>
<tag>
</tag>
<suite>
<stat pass="0" fail="1" skip="0" id="s1" name="UAT-Project-002">UAT-Project-002</stat>
</suite>
</statistics>
<errors>
</errors>
</robot>
